<?xml version="1.0" encoding="UTF-8"?><testsuite name="nosetests" tests="110" errors="1" failures="0" skip="0"><testcase classname="easymode.tests.RecursiveSerializerTest" name="easymode.tests.RecursiveSerializerTest.test_create_test_models" time="0" /><testcase classname="easymode.tests.RecursiveSerializerTest" name="easymode.tests.RecursiveSerializerTest.test_generic_relations_also_work" time="0" /><testcase classname="easymode.tests.RecursiveSerializerTest" name="easymode.tests.RecursiveSerializerTest.test_many_to_many_field" time="0" /><testcase classname="easymode.tests.RecursiveSerializerTest" name="easymode.tests.RecursiveSerializerTest.test_model_to_xml" time="0" /><testcase classname="easymode.tests.RecursiveSerializerTest" name="easymode.tests.RecursiveSerializerTest.test_model_to_xml_with_xml_function" time="0" /><testcase classname="easymode.tests.RecursiveSerializerTest" name="easymode.tests.RecursiveSerializerTest.test_natural_keys" time="0" /><testcase classname="easymode.tests.RecursiveSerializerTest" name="easymode.tests.RecursiveSerializerTest.test_query_set_to_xml" time="0" /><testcase classname="easymode.tests.RecursiveSerializerTest" name="easymode.tests.RecursiveSerializerTest.test_tree_serialize" time="0" /><testcase classname="easymode.tests.TestDiocoreFields" name="easymode.tests.TestDiocoreFields.test_diocore_fields_are_special" time="0" /><testcase classname="easymode.tests.TestDiocoreFields" name="easymode.tests.TestDiocoreFields.test_diocore_fields_strip_cariage_returns" time="0" /><testcase classname="easymode.tests.TestEasyPublisher" name="easymode.tests.TestEasyPublisher.test_if_editor_has_permission_he_can_edit_all_fields" time="0" /><testcase classname="easymode.tests.TestEasyPublisher" name="easymode.tests.TestEasyPublisher.test_login_and_post" time="0" /><testcase classname="easymode.tests.TestEasyPublisher" name="easymode.tests.TestEasyPublisher.test_login_as_non_privileged_user" time="0" /><testcase classname="easymode.tests.TestEasyPublisher" name="easymode.tests.TestEasyPublisher.test_non_privileged_user_can_not_change_model" time="0" /><testcase classname="easymode.tests.TestEasyPublisher" name="easymode.tests.TestEasyPublisher.test_non_privileged_user_can_not_edit_restricted_fields_without_permission" time="0" /><testcase classname="easymode.tests.TestEasyPublisher" name="easymode.tests.TestEasyPublisher.test_only_one_easy_publisher_meta_data_was_created" time="0" /><testcase classname="easymode.tests.TestEasyPublisher" name="easymode.tests.TestEasyPublisher.test_publication_workflow" time="0" /><testcase classname="easymode.tests.TestEasyPublisher" name="easymode.tests.TestEasyPublisher.test_publisher_ui_works" time="0" /><testcase classname="easymode.tests.TestEasyPublisher" name="easymode.tests.TestEasyPublisher.test_reversion_has_the_draft" time="0" /><testcase classname="easymode.tests.TestImportAll" name="easymode.tests.TestImportAll.test_import_all" time="0" /><testcase classname="easymode.tests.TestLocaleFromUrlMiddleWare" name="easymode.tests.TestLocaleFromUrlMiddleWare.test_locale_from_url_middle_ware_normal" time="0" /><testcase classname="easymode.tests.TestLocaleFromUrlMiddleWare" name="easymode.tests.TestLocaleFromUrlMiddleWare.test_locale_from_url_middle_ware_short" time="0" /><testcase classname="easymode.tests.TestLocaliseUrlsMiddleware" name="easymode.tests.TestLocaliseUrlsMiddleware.test_localise_urls_middleware" time="0" /><testcase classname="easymode.tests.TestLocaliseUrlsMiddleware" name="easymode.tests.TestLocaliseUrlsMiddleware.test_localise_urls_middleware_use_short_language_codes" time="0" /><testcase classname="easymode.tests.TestRelatedAdmin" name="easymode.tests.TestRelatedAdmin.test_admin_template_for_change_is_different" time="0" /><testcase classname="easymode.tests.TestRelatedAdmin" name="easymode.tests.TestRelatedAdmin.test_admin_with_extra_fields_are_displayed" time="0" /><testcase classname="easymode.tests.TestRelatedAdmin" name="easymode.tests.TestRelatedAdmin.test_empty_widget" time="0" /><testcase classname="easymode.tests.TestRelatedAdmin" name="easymode.tests.TestRelatedAdmin.test_related_admin" time="0" /><testcase classname="easymode.tests.TestRelatedAdmin" name="easymode.tests.TestRelatedAdmin.test_self_aware_related_admin" time="0" /><testcase classname="easymode.tests.TestRelatedAdmin" name="easymode.tests.TestRelatedAdmin.test_there_are_more_than_one_forms" time="0" /><testcase classname="easymode.tests.TestRelatedAdmin" name="easymode.tests.TestRelatedAdmin.test_there_are_two_forms" time="0" /><testcase classname="easymode.tests.TestUtils" name="easymode.tests.TestUtils.test_fdopen_works_correctly" time="0" /><testcase classname="easymode.tests.TestUtils" name="easymode.tests.TestUtils.test_recursion_depth" time="0" /><testcase classname="easymode.tests.TestUtils" name="easymode.tests.TestUtils.test_semaphore" time="0" /><testcase classname="easymode.tests.TestUtils" name="easymode.tests.TestUtils.test_semaphore_exception" time="0" /><testcase classname="easymode.tests.Testi18n" name="easymode.tests.Testi18n.test_adding_l10n_decorator_means_model_gets_rendered_to_po_file" time="0" /><testcase classname="easymode.tests.Testi18n" name="easymode.tests.Testi18n.test_created_property_is_set" time="0" /><testcase classname="easymode.tests.Testi18n" name="easymode.tests.Testi18n.test_first_true" time="0" /><testcase classname="easymode.tests.Testi18n" name="easymode.tests.Testi18n.test_locale_dir_is_not_project_dir" time="0" /><testcase classname="easymode.tests.Testi18n" name="easymode.tests.Testi18n.test_meta" time="0" /><testcase classname="easymode.tests.Testi18n" name="easymode.tests.Testi18n.test_meta_field_finder" time="0" /><testcase classname="easymode.tests.Testi18n" name="easymode.tests.Testi18n.test_meta_get_localized_field_name" time="0" /><testcase classname="easymode.tests.Testi18n" name="easymode.tests.Testi18n.test_meta_now_selects_correct_field_on_propert_write" time="0" /><testcase classname="easymode.tests.Testi18n" name="easymode.tests.Testi18n.test_model_can_be_serialized" time="0" /><testcase classname="easymode.tests.Testi18n" name="easymode.tests.Testi18n.test_model_to_po" time="0" /><testcase classname="easymode.tests.Testi18n" name="easymode.tests.Testi18n.test_nulled_translations_get_translated_from_po_file" time="0" /><testcase classname="easymode.tests.Testi18n" name="easymode.tests.Testi18n.test_save_signal_is_caught" time="0" /><testcase classname="easymode.tests.Testi18n" name="easymode.tests.Testi18n.test_translated_fields_handle_correctly_under_to_xml" time="0" /><testcase classname="easymode.tests.Testi18n" name="easymode.tests.Testi18n.test_translations_that_are_not_null_should_not_come_from_the_po_file" time="0" /><testcase classname="easymode.tests.Testi18n" name="easymode.tests.Testi18n.test_ugettext_lazy" time="0" /><testcase classname="easymode.tests.Testi18n" name="easymode.tests.Testi18n.test_we_have_the_proper_version_of_gettext" time="0" /><testcase classname="easymode.tests.XsltTest" name="easymode.tests.XsltTest.test_xsl_template_can_be_found" time="0" /><testcase classname="easymode.tests.XsltTest" name="easymode.tests.XsltTest.test_xslt_changes_the_xml" time="0" /><testcase classname="easymode.tests.XsltTest" name="easymode.tests.XsltTest.test_xslt_template_will_render_one_object" time="0" /><testcase classname="easymode.tests.XsltTest" name="easymode.tests.XsltTest.test_xslt_will_render_queryset" time="0" /><testcase classname="easymode.tests.testcases.testdiocorefields.TestDiocoreFields" name="easymode.tests.testcases.testdiocorefields.TestDiocoreFields.test_diocore_fields_are_special" time="0" /><testcase classname="easymode.tests.testcases.testdiocorefields.TestDiocoreFields" name="easymode.tests.testcases.testdiocorefields.TestDiocoreFields.test_diocore_fields_strip_cariage_returns" time="0"><error type="django.db.utils.IntegrityError">Traceback (most recent call last):
  File &quot;/opt/local/Library/Frameworks/Python.framework/Versions/2.6/lib/python2.6/unittest.py&quot;, line 279, in run
    testMethod()
  File &quot;/Users/ebone/Sites/django-easymode/easymode/tests/testcases/testdiocorefields.py&quot;, line 56, in test_diocore_fields_strip_cariage_returns
    response = self.client.post(add_view_url, h)
  File &quot;/Users/ebone/.virtualenvs/easymode/lib/python2.6/site-packages/django/test/client.py&quot;, line 322, in post
    response = self.request(**r)
  File &quot;/Users/ebone/.virtualenvs/easymode/lib/python2.6/site-packages/django/core/handlers/base.py&quot;, line 100, in get_response
    response = callback(request, *callback_args, **callback_kwargs)
  File &quot;/Users/ebone/.virtualenvs/easymode/lib/python2.6/site-packages/django/contrib/admin/options.py&quot;, line 239, in wrapper
    return self.admin_site.admin_view(view)(*args, **kwargs)
  File &quot;/Users/ebone/.virtualenvs/easymode/lib/python2.6/site-packages/django/utils/decorators.py&quot;, line 76, in _wrapped_view
    response = view_func(request, *args, **kwargs)
  File &quot;/Users/ebone/.virtualenvs/easymode/lib/python2.6/site-packages/django/views/decorators/cache.py&quot;, line 69, in _wrapped_view_func
    response = view_func(request, *args, **kwargs)
  File &quot;/Users/ebone/.virtualenvs/easymode/lib/python2.6/site-packages/django/contrib/admin/sites.py&quot;, line 190, in inner
    return view(request, *args, **kwargs)
  File &quot;/Users/ebone/.virtualenvs/easymode/lib/python2.6/site-packages/django/db/transaction.py&quot;, line 299, in _commit_on_success
    res = func(*args, **kw)
  File &quot;/Users/ebone/.virtualenvs/easymode/lib/python2.6/site-packages/reversion/revisions.py&quot;, line 321, in _create_on_success
    result = func(*args, **kwargs)
  File &quot;/Users/ebone/.virtualenvs/easymode/lib/python2.6/site-packages/reversion/admin.py&quot;, line 292, in add_view
    return super(VersionAdmin, self).add_view(*args, **kwargs)
  File &quot;/Users/ebone/.virtualenvs/easymode/lib/python2.6/site-packages/django/utils/decorators.py&quot;, line 21, in _wrapper
    return decorator(bound_func)(*args, **kwargs)
  File &quot;/Users/ebone/.virtualenvs/easymode/lib/python2.6/site-packages/django/utils/decorators.py&quot;, line 76, in _wrapped_view
    response = view_func(request, *args, **kwargs)
  File &quot;/Users/ebone/.virtualenvs/easymode/lib/python2.6/site-packages/django/utils/decorators.py&quot;, line 17, in bound_func
    return func(self, *args2, **kwargs2)
  File &quot;/Users/ebone/.virtualenvs/easymode/lib/python2.6/site-packages/django/db/transaction.py&quot;, line 299, in _commit_on_success
    res = func(*args, **kw)
  File &quot;/Users/ebone/.virtualenvs/easymode/lib/python2.6/site-packages/django/contrib/admin/options.py&quot;, line 795, in add_view
    self.save_model(request, new_object, form, change=False)
  File &quot;/Users/ebone/Sites/django-easymode/easymode/easypublisher/admin.py&quot;, line 123, in save_model
    obj.save()
  File &quot;/Users/ebone/.virtualenvs/easymode/lib/python2.6/site-packages/django/db/models/base.py&quot;, line 435, in save
    self.save_base(using=using, force_insert=force_insert, force_update=force_update)
  File &quot;/Users/ebone/.virtualenvs/easymode/lib/python2.6/site-packages/django/db/models/base.py&quot;, line 528, in save_base
    result = manager._insert(values, return_id=update_pk, using=using)
  File &quot;/Users/ebone/.virtualenvs/easymode/lib/python2.6/site-packages/django/db/models/manager.py&quot;, line 195, in _insert
    return insert_query(self.model, values, **kwargs)
  File &quot;/Users/ebone/.virtualenvs/easymode/lib/python2.6/site-packages/django/db/models/query.py&quot;, line 1479, in insert_query
    return query.get_compiler(using=using).execute_sql(return_id)
  File &quot;/Users/ebone/.virtualenvs/easymode/lib/python2.6/site-packages/django/db/models/sql/compiler.py&quot;, line 783, in execute_sql
    cursor = super(SQLInsertCompiler, self).execute_sql(None)
  File &quot;/Users/ebone/.virtualenvs/easymode/lib/python2.6/site-packages/django/db/models/sql/compiler.py&quot;, line 727, in execute_sql
    cursor.execute(sql, params)
  File &quot;/Users/ebone/.virtualenvs/easymode/lib/python2.6/site-packages/django/db/backends/sqlite3/base.py&quot;, line 200, in execute
    return Database.Cursor.execute(self, query, params)
IntegrityError: tests_testl10nmodel.price may not be NULL
</error></testcase><testcase classname="easymode.tests.testcases.testeasypublisher.TestEasyPublisher" name="easymode.tests.testcases.testeasypublisher.TestEasyPublisher.test_if_editor_has_permission_he_can_edit_all_fields" time="0" /><testcase classname="easymode.tests.testcases.testeasypublisher.TestEasyPublisher" name="easymode.tests.testcases.testeasypublisher.TestEasyPublisher.test_login_and_post" time="0" /><testcase classname="easymode.tests.testcases.testeasypublisher.TestEasyPublisher" name="easymode.tests.testcases.testeasypublisher.TestEasyPublisher.test_login_as_non_privileged_user" time="0" /><testcase classname="easymode.tests.testcases.testeasypublisher.TestEasyPublisher" name="easymode.tests.testcases.testeasypublisher.TestEasyPublisher.test_non_privileged_user_can_not_change_model" time="0" /><testcase classname="easymode.tests.testcases.testeasypublisher.TestEasyPublisher" name="easymode.tests.testcases.testeasypublisher.TestEasyPublisher.test_non_privileged_user_can_not_edit_restricted_fields_without_permission" time="0" /><testcase classname="easymode.tests.testcases.testeasypublisher.TestEasyPublisher" name="easymode.tests.testcases.testeasypublisher.TestEasyPublisher.test_only_one_easy_publisher_meta_data_was_created" time="0" /><testcase classname="easymode.tests.testcases.testeasypublisher.TestEasyPublisher" name="easymode.tests.testcases.testeasypublisher.TestEasyPublisher.test_publication_workflow" time="0" /><testcase classname="easymode.tests.testcases.testeasypublisher.TestEasyPublisher" name="easymode.tests.testcases.testeasypublisher.TestEasyPublisher.test_publisher_ui_works" time="0" /><testcase classname="easymode.tests.testcases.testeasypublisher.TestEasyPublisher" name="easymode.tests.testcases.testeasypublisher.TestEasyPublisher.test_reversion_has_the_draft" time="0" /><testcase classname="easymode.tests.testcases.testi18n.Testi18n" name="easymode.tests.testcases.testi18n.Testi18n.test_adding_l10n_decorator_means_model_gets_rendered_to_po_file" time="0" /><testcase classname="easymode.tests.testcases.testi18n.Testi18n" name="easymode.tests.testcases.testi18n.Testi18n.test_created_property_is_set" time="0" /><testcase classname="easymode.tests.testcases.testi18n.Testi18n" name="easymode.tests.testcases.testi18n.Testi18n.test_first_true" time="0" /><testcase classname="easymode.tests.testcases.testi18n.Testi18n" name="easymode.tests.testcases.testi18n.Testi18n.test_locale_dir_is_not_project_dir" time="0" /><testcase classname="easymode.tests.testcases.testi18n.Testi18n" name="easymode.tests.testcases.testi18n.Testi18n.test_meta" time="0" /><testcase classname="easymode.tests.testcases.testi18n.Testi18n" name="easymode.tests.testcases.testi18n.Testi18n.test_meta_field_finder" time="0" /><testcase classname="easymode.tests.testcases.testi18n.Testi18n" name="easymode.tests.testcases.testi18n.Testi18n.test_meta_get_localized_field_name" time="0" /><testcase classname="easymode.tests.testcases.testi18n.Testi18n" name="easymode.tests.testcases.testi18n.Testi18n.test_meta_now_selects_correct_field_on_propert_write" time="0" /><testcase classname="easymode.tests.testcases.testi18n.Testi18n" name="easymode.tests.testcases.testi18n.Testi18n.test_model_can_be_serialized" time="0" /><testcase classname="easymode.tests.testcases.testi18n.Testi18n" name="easymode.tests.testcases.testi18n.Testi18n.test_model_to_po" time="0" /><testcase classname="easymode.tests.testcases.testi18n.Testi18n" name="easymode.tests.testcases.testi18n.Testi18n.test_nulled_translations_get_translated_from_po_file" time="0" /><testcase classname="easymode.tests.testcases.testi18n.Testi18n" name="easymode.tests.testcases.testi18n.Testi18n.test_save_signal_is_caught" time="0" /><testcase classname="easymode.tests.testcases.testi18n.Testi18n" name="easymode.tests.testcases.testi18n.Testi18n.test_translated_fields_handle_correctly_under_to_xml" time="0" /><testcase classname="easymode.tests.testcases.testi18n.Testi18n" name="easymode.tests.testcases.testi18n.Testi18n.test_translations_that_are_not_null_should_not_come_from_the_po_file" time="0" /><testcase classname="easymode.tests.testcases.testi18n.Testi18n" name="easymode.tests.testcases.testi18n.Testi18n.test_ugettext_lazy" time="0" /><testcase classname="easymode.tests.testcases.testi18n.Testi18n" name="easymode.tests.testcases.testi18n.Testi18n.test_we_have_the_proper_version_of_gettext" time="0" /><testcase classname="easymode.tests.testcases.testimportall.TestImportAll" name="easymode.tests.testcases.testimportall.TestImportAll.test_import_all" time="0" /><testcase classname="easymode.tests.testcases.testmiddleware.TestLocaleFromUrlMiddleWare" name="easymode.tests.testcases.testmiddleware.TestLocaleFromUrlMiddleWare.test_locale_from_url_middle_ware_normal" time="0" /><testcase classname="easymode.tests.testcases.testmiddleware.TestLocaleFromUrlMiddleWare" name="easymode.tests.testcases.testmiddleware.TestLocaleFromUrlMiddleWare.test_locale_from_url_middle_ware_short" time="0" /><testcase classname="easymode.tests.testcases.testmiddleware.TestLocaliseUrlsMiddleware" name="easymode.tests.testcases.testmiddleware.TestLocaliseUrlsMiddleware.test_localise_urls_middleware" time="0" /><testcase classname="easymode.tests.testcases.testmiddleware.TestLocaliseUrlsMiddleware" name="easymode.tests.testcases.testmiddleware.TestLocaliseUrlsMiddleware.test_localise_urls_middleware_use_short_language_codes" time="0" /><testcase classname="easymode.tests.testcases.testrelatedadmin.TestRelatedAdmin" name="easymode.tests.testcases.testrelatedadmin.TestRelatedAdmin.test_admin_template_for_change_is_different" time="0" /><testcase classname="easymode.tests.testcases.testrelatedadmin.TestRelatedAdmin" name="easymode.tests.testcases.testrelatedadmin.TestRelatedAdmin.test_admin_with_extra_fields_are_displayed" time="0" /><testcase classname="easymode.tests.testcases.testrelatedadmin.TestRelatedAdmin" name="easymode.tests.testcases.testrelatedadmin.TestRelatedAdmin.test_empty_widget" time="0" /><testcase classname="easymode.tests.testcases.testrelatedadmin.TestRelatedAdmin" name="easymode.tests.testcases.testrelatedadmin.TestRelatedAdmin.test_related_admin" time="0" /><testcase classname="easymode.tests.testcases.testrelatedadmin.TestRelatedAdmin" name="easymode.tests.testcases.testrelatedadmin.TestRelatedAdmin.test_self_aware_related_admin" time="0" /><testcase classname="easymode.tests.testcases.testrelatedadmin.TestRelatedAdmin" name="easymode.tests.testcases.testrelatedadmin.TestRelatedAdmin.test_there_are_more_than_one_forms" time="0" /><testcase classname="easymode.tests.testcases.testrelatedadmin.TestRelatedAdmin" name="easymode.tests.testcases.testrelatedadmin.TestRelatedAdmin.test_there_are_two_forms" time="0" /><testcase classname="easymode.tests.testcases.testtoxml.RecursiveSerializerTest" name="easymode.tests.testcases.testtoxml.RecursiveSerializerTest.test_create_test_models" time="0" /><testcase classname="easymode.tests.testcases.testtoxml.RecursiveSerializerTest" name="easymode.tests.testcases.testtoxml.RecursiveSerializerTest.test_generic_relations_also_work" time="0" /><testcase classname="easymode.tests.testcases.testtoxml.RecursiveSerializerTest" name="easymode.tests.testcases.testtoxml.RecursiveSerializerTest.test_many_to_many_field" time="0" /><testcase classname="easymode.tests.testcases.testtoxml.RecursiveSerializerTest" name="easymode.tests.testcases.testtoxml.RecursiveSerializerTest.test_model_to_xml" time="0" /><testcase classname="easymode.tests.testcases.testtoxml.RecursiveSerializerTest" name="easymode.tests.testcases.testtoxml.RecursiveSerializerTest.test_model_to_xml_with_xml_function" time="0" /><testcase classname="easymode.tests.testcases.testtoxml.RecursiveSerializerTest" name="easymode.tests.testcases.testtoxml.RecursiveSerializerTest.test_natural_keys" time="0" /><testcase classname="easymode.tests.testcases.testtoxml.RecursiveSerializerTest" name="easymode.tests.testcases.testtoxml.RecursiveSerializerTest.test_query_set_to_xml" time="0" /><testcase classname="easymode.tests.testcases.testtoxml.RecursiveSerializerTest" name="easymode.tests.testcases.testtoxml.RecursiveSerializerTest.test_tree_serialize" time="0" /><testcase classname="easymode.tests.testcases.testutils.TestUtils" name="easymode.tests.testcases.testutils.TestUtils.test_fdopen_works_correctly" time="0" /><testcase classname="easymode.tests.testcases.testutils.TestUtils" name="easymode.tests.testcases.testutils.TestUtils.test_recursion_depth" time="0" /><testcase classname="easymode.tests.testcases.testutils.TestUtils" name="easymode.tests.testcases.testutils.TestUtils.test_semaphore" time="0" /><testcase classname="easymode.tests.testcases.testutils.TestUtils" name="easymode.tests.testcases.testutils.TestUtils.test_semaphore_exception" time="0" /><testcase classname="easymode.tests.testcases.testxslt.XsltTest" name="easymode.tests.testcases.testxslt.XsltTest.test_xsl_template_can_be_found" time="0" /><testcase classname="easymode.tests.testcases.testxslt.XsltTest" name="easymode.tests.testcases.testxslt.XsltTest.test_xslt_changes_the_xml" time="0" /><testcase classname="easymode.tests.testcases.testxslt.XsltTest" name="easymode.tests.testcases.testxslt.XsltTest.test_xslt_template_will_render_one_object" time="0" /><testcase classname="easymode.tests.testcases.testxslt.XsltTest" name="easymode.tests.testcases.testxslt.XsltTest.test_xslt_will_render_queryset" time="0" /></testsuite>